[2022-02-02 13:02:27] local.ERROR: Uncaught Error: Class 'Auth0\Login\Auth0User' not found in D:\Projects\foodtiger\app\Models\MyAuth0User.php:8
Stack trace:
#0 D:\Projects\foodtiger\vendor\composer\ClassLoader.php(444): include()
#1 D:\Projects\foodtiger\vendor\composer\ClassLoader.php(322): Composer\Autoload\includeFile('D:\\Projects\\foo...')
#2 [internal function]: Composer\Autoload\ClassLoader->loadClass('App\\Models\\MyAu...')
#3 [internal function]: spl_autoload_call('App\\Models\\MyAu...')
#4 Command line code(1): class_exists('App\\Models\\MyAu...')
#5 [internal function]: {closure}('App\\Models\\MyAu...')
#6 Command line code(1): array_filter(Array, Object(Closure))
#7 {main}
  thrown {"exception":"[object] (Symfony\\Component\\ErrorHandler\\Error\\FatalError(code: 0): Uncaught Error: Class 'Auth0\\Login\\Auth0User' not found in D:\\Projects\\foodtiger\\app\\Models\\MyAuth0User.php:8
Stack trace:
#0 D:\\Projects\\foodtiger\\vendor\\composer\\ClassLoader.php(444): include()
#1 D:\\Projects\\foodtiger\\vendor\\composer\\ClassLoader.php(322): Composer\\Autoload\\includeFile('D:\\\\Projects\\\\foo...')
#2 [internal function]: Composer\\Autoload\\ClassLoader->loadClass('App\\\\Models\\\\MyAu...')
#3 [internal function]: spl_autoload_call('App\\\\Models\\\\MyAu...')
#4 Command line code(1): class_exists('App\\\\Models\\\\MyAu...')
#5 [internal function]: {closure}('App\\\\Models\\\\MyAu...')
#6 Command line code(1): array_filter(Array, Object(Closure))
#7 {main}
  thrown at D:\\Projects\\foodtiger\\app\\Models\\MyAuth0User.php:8)
[stacktrace]
#0 {main}
"} 
[2022-02-02 13:02:27] local.ERROR: Uncaught Error: Class 'Auth0\Login\Auth0User' not found in D:\Projects\foodtiger\app\Models\MyAuth0User.php:8
Stack trace:
#0 Command line code(1): include_once()
#1 {main}
  thrown {"exception":"[object] (Symfony\\Component\\ErrorHandler\\Error\\FatalError(code: 0): Uncaught Error: Class 'Auth0\\Login\\Auth0User' not found in D:\\Projects\\foodtiger\\app\\Models\\MyAuth0User.php:8
Stack trace:
#0 Command line code(1): include_once()
#1 {main}
  thrown at D:\\Projects\\foodtiger\\app\\Models\\MyAuth0User.php:8)
[stacktrace]
#0 {main}
"} 
[2022-02-02 13:03:26] local.ERROR: Uncaught Error: Class 'Auth0\Login\Auth0User' not found in D:\Projects\foodtiger\app\Models\MyAuth0User.php:8
Stack trace:
#0 D:\Projects\foodtiger\vendor\composer\ClassLoader.php(444): include()
#1 D:\Projects\foodtiger\vendor\composer\ClassLoader.php(322): Composer\Autoload\includeFile('D:\\Projects\\foo...')
#2 [internal function]: Composer\Autoload\ClassLoader->loadClass('App\\Models\\MyAu...')
#3 [internal function]: spl_autoload_call('App\\Models\\MyAu...')
#4 Command line code(1): class_exists('App\\Models\\MyAu...')
#5 [internal function]: {closure}('App\\Models\\MyAu...')
#6 Command line code(1): array_filter(Array, Object(Closure))
#7 {main}
  thrown {"exception":"[object] (Symfony\\Component\\ErrorHandler\\Error\\FatalError(code: 0): Uncaught Error: Class 'Auth0\\Login\\Auth0User' not found in D:\\Projects\\foodtiger\\app\\Models\\MyAuth0User.php:8
Stack trace:
#0 D:\\Projects\\foodtiger\\vendor\\composer\\ClassLoader.php(444): include()
#1 D:\\Projects\\foodtiger\\vendor\\composer\\ClassLoader.php(322): Composer\\Autoload\\includeFile('D:\\\\Projects\\\\foo...')
#2 [internal function]: Composer\\Autoload\\ClassLoader->loadClass('App\\\\Models\\\\MyAu...')
#3 [internal function]: spl_autoload_call('App\\\\Models\\\\MyAu...')
#4 Command line code(1): class_exists('App\\\\Models\\\\MyAu...')
#5 [internal function]: {closure}('App\\\\Models\\\\MyAu...')
#6 Command line code(1): array_filter(Array, Object(Closure))
#7 {main}
  thrown at D:\\Projects\\foodtiger\\app\\Models\\MyAuth0User.php:8)
[stacktrace]
#0 {main}
"} 
[2022-02-02 13:04:26] local.ERROR: Uncaught Error: Class 'Auth0\Login\Auth0User' not found in D:\Projects\foodtiger\app\Models\MyAuth0User.php:8
Stack trace:
#0 D:\Projects\foodtiger\vendor\composer\ClassLoader.php(444): include()
#1 D:\Projects\foodtiger\vendor\composer\ClassLoader.php(322): Composer\Autoload\includeFile('D:\\Projects\\foo...')
#2 [internal function]: Composer\Autoload\ClassLoader->loadClass('App\\Models\\MyAu...')
#3 [internal function]: spl_autoload_call('App\\Models\\MyAu...')
#4 Command line code(1): class_exists('App\\Models\\MyAu...')
#5 [internal function]: {closure}('App\\Models\\MyAu...')
#6 Command line code(1): array_filter(Array, Object(Closure))
#7 {main}
  thrown {"exception":"[object] (Symfony\\Component\\ErrorHandler\\Error\\FatalError(code: 0): Uncaught Error: Class 'Auth0\\Login\\Auth0User' not found in D:\\Projects\\foodtiger\\app\\Models\\MyAuth0User.php:8
Stack trace:
#0 D:\\Projects\\foodtiger\\vendor\\composer\\ClassLoader.php(444): include()
#1 D:\\Projects\\foodtiger\\vendor\\composer\\ClassLoader.php(322): Composer\\Autoload\\includeFile('D:\\\\Projects\\\\foo...')
#2 [internal function]: Composer\\Autoload\\ClassLoader->loadClass('App\\\\Models\\\\MyAu...')
#3 [internal function]: spl_autoload_call('App\\\\Models\\\\MyAu...')
#4 Command line code(1): class_exists('App\\\\Models\\\\MyAu...')
#5 [internal function]: {closure}('App\\\\Models\\\\MyAu...')
#6 Command line code(1): array_filter(Array, Object(Closure))
#7 {main}
  thrown at D:\\Projects\\foodtiger\\app\\Models\\MyAuth0User.php:8)
[stacktrace]
#0 {main}
"} 
[2022-02-02 13:05:26] local.ERROR: Uncaught Error: Class 'Auth0\Login\Auth0User' not found in D:\Projects\foodtiger\app\Models\MyAuth0User.php:8
Stack trace:
#0 D:\Projects\foodtiger\vendor\composer\ClassLoader.php(444): include()
#1 D:\Projects\foodtiger\vendor\composer\ClassLoader.php(322): Composer\Autoload\includeFile('D:\\Projects\\foo...')
#2 [internal function]: Composer\Autoload\ClassLoader->loadClass('App\\Models\\MyAu...')
#3 [internal function]: spl_autoload_call('App\\Models\\MyAu...')
#4 Command line code(1): class_exists('App\\Models\\MyAu...')
#5 [internal function]: {closure}('App\\Models\\MyAu...')
#6 Command line code(1): array_filter(Array, Object(Closure))
#7 {main}
  thrown {"exception":"[object] (Symfony\\Component\\ErrorHandler\\Error\\FatalError(code: 0): Uncaught Error: Class 'Auth0\\Login\\Auth0User' not found in D:\\Projects\\foodtiger\\app\\Models\\MyAuth0User.php:8
Stack trace:
#0 D:\\Projects\\foodtiger\\vendor\\composer\\ClassLoader.php(444): include()
#1 D:\\Projects\\foodtiger\\vendor\\composer\\ClassLoader.php(322): Composer\\Autoload\\includeFile('D:\\\\Projects\\\\foo...')
#2 [internal function]: Composer\\Autoload\\ClassLoader->loadClass('App\\\\Models\\\\MyAu...')
#3 [internal function]: spl_autoload_call('App\\\\Models\\\\MyAu...')
#4 Command line code(1): class_exists('App\\\\Models\\\\MyAu...')
#5 [internal function]: {closure}('App\\\\Models\\\\MyAu...')
#6 Command line code(1): array_filter(Array, Object(Closure))
#7 {main}
  thrown at D:\\Projects\\foodtiger\\app\\Models\\MyAuth0User.php:8)
[stacktrace]
#0 {main}
"} 
[2022-02-02 13:06:26] local.ERROR: Uncaught Error: Class 'Auth0\Login\Auth0User' not found in D:\Projects\foodtiger\app\Models\MyAuth0User.php:8
Stack trace:
#0 D:\Projects\foodtiger\vendor\composer\ClassLoader.php(444): include()
#1 D:\Projects\foodtiger\vendor\composer\ClassLoader.php(322): Composer\Autoload\includeFile('D:\\Projects\\foo...')
#2 [internal function]: Composer\Autoload\ClassLoader->loadClass('App\\Models\\MyAu...')
#3 [internal function]: spl_autoload_call('App\\Models\\MyAu...')
#4 Command line code(1): class_exists('App\\Models\\MyAu...')
#5 [internal function]: {closure}('App\\Models\\MyAu...')
#6 Command line code(1): array_filter(Array, Object(Closure))
#7 {main}
  thrown {"exception":"[object] (Symfony\\Component\\ErrorHandler\\Error\\FatalError(code: 0): Uncaught Error: Class 'Auth0\\Login\\Auth0User' not found in D:\\Projects\\foodtiger\\app\\Models\\MyAuth0User.php:8
Stack trace:
#0 D:\\Projects\\foodtiger\\vendor\\composer\\ClassLoader.php(444): include()
#1 D:\\Projects\\foodtiger\\vendor\\composer\\ClassLoader.php(322): Composer\\Autoload\\includeFile('D:\\\\Projects\\\\foo...')
#2 [internal function]: Composer\\Autoload\\ClassLoader->loadClass('App\\\\Models\\\\MyAu...')
#3 [internal function]: spl_autoload_call('App\\\\Models\\\\MyAu...')
#4 Command line code(1): class_exists('App\\\\Models\\\\MyAu...')
#5 [internal function]: {closure}('App\\\\Models\\\\MyAu...')
#6 Command line code(1): array_filter(Array, Object(Closure))
#7 {main}
  thrown at D:\\Projects\\foodtiger\\app\\Models\\MyAuth0User.php:8)
[stacktrace]
#0 {main}
"} 
[2022-02-02 13:07:26] local.ERROR: Uncaught Error: Class 'Auth0\Login\Auth0User' not found in D:\Projects\foodtiger\app\Models\MyAuth0User.php:8
Stack trace:
#0 D:\Projects\foodtiger\vendor\composer\ClassLoader.php(444): include()
#1 D:\Projects\foodtiger\vendor\composer\ClassLoader.php(322): Composer\Autoload\includeFile('D:\\Projects\\foo...')
#2 [internal function]: Composer\Autoload\ClassLoader->loadClass('App\\Models\\MyAu...')
#3 [internal function]: spl_autoload_call('App\\Models\\MyAu...')
#4 Command line code(1): class_exists('App\\Models\\MyAu...')
#5 [internal function]: {closure}('App\\Models\\MyAu...')
#6 Command line code(1): array_filter(Array, Object(Closure))
#7 {main}
  thrown {"exception":"[object] (Symfony\\Component\\ErrorHandler\\Error\\FatalError(code: 0): Uncaught Error: Class 'Auth0\\Login\\Auth0User' not found in D:\\Projects\\foodtiger\\app\\Models\\MyAuth0User.php:8
Stack trace:
#0 D:\\Projects\\foodtiger\\vendor\\composer\\ClassLoader.php(444): include()
#1 D:\\Projects\\foodtiger\\vendor\\composer\\ClassLoader.php(322): Composer\\Autoload\\includeFile('D:\\\\Projects\\\\foo...')
#2 [internal function]: Composer\\Autoload\\ClassLoader->loadClass('App\\\\Models\\\\MyAu...')
#3 [internal function]: spl_autoload_call('App\\\\Models\\\\MyAu...')
#4 Command line code(1): class_exists('App\\\\Models\\\\MyAu...')
#5 [internal function]: {closure}('App\\\\Models\\\\MyAu...')
#6 Command line code(1): array_filter(Array, Object(Closure))
#7 {main}
  thrown at D:\\Projects\\foodtiger\\app\\Models\\MyAuth0User.php:8)
[stacktrace]
#0 {main}
"} 
[2022-02-02 13:08:26] local.ERROR: Uncaught Error: Class 'Auth0\Login\Auth0User' not found in D:\Projects\foodtiger\app\Models\MyAuth0User.php:8
Stack trace:
#0 D:\Projects\foodtiger\vendor\composer\ClassLoader.php(444): include()
#1 D:\Projects\foodtiger\vendor\composer\ClassLoader.php(322): Composer\Autoload\includeFile('D:\\Projects\\foo...')
#2 [internal function]: Composer\Autoload\ClassLoader->loadClass('App\\Models\\MyAu...')
#3 [internal function]: spl_autoload_call('App\\Models\\MyAu...')
#4 Command line code(1): class_exists('App\\Models\\MyAu...')
#5 [internal function]: {closure}('App\\Models\\MyAu...')
#6 Command line code(1): array_filter(Array, Object(Closure))
#7 {main}
  thrown {"exception":"[object] (Symfony\\Component\\ErrorHandler\\Error\\FatalError(code: 0): Uncaught Error: Class 'Auth0\\Login\\Auth0User' not found in D:\\Projects\\foodtiger\\app\\Models\\MyAuth0User.php:8
Stack trace:
#0 D:\\Projects\\foodtiger\\vendor\\composer\\ClassLoader.php(444): include()
#1 D:\\Projects\\foodtiger\\vendor\\composer\\ClassLoader.php(322): Composer\\Autoload\\includeFile('D:\\\\Projects\\\\foo...')
#2 [internal function]: Composer\\Autoload\\ClassLoader->loadClass('App\\\\Models\\\\MyAu...')
#3 [internal function]: spl_autoload_call('App\\\\Models\\\\MyAu...')
#4 Command line code(1): class_exists('App\\\\Models\\\\MyAu...')
#5 [internal function]: {closure}('App\\\\Models\\\\MyAu...')
#6 Command line code(1): array_filter(Array, Object(Closure))
#7 {main}
  thrown at D:\\Projects\\foodtiger\\app\\Models\\MyAuth0User.php:8)
[stacktrace]
#0 {main}
"} 
[2022-02-02 13:09:26] local.ERROR: Uncaught Error: Class 'Auth0\Login\Auth0User' not found in D:\Projects\foodtiger\app\Models\MyAuth0User.php:8
Stack trace:
#0 D:\Projects\foodtiger\vendor\composer\ClassLoader.php(444): include()
#1 D:\Projects\foodtiger\vendor\composer\ClassLoader.php(322): Composer\Autoload\includeFile('D:\\Projects\\foo...')
#2 [internal function]: Composer\Autoload\ClassLoader->loadClass('App\\Models\\MyAu...')
#3 [internal function]: spl_autoload_call('App\\Models\\MyAu...')
#4 Command line code(1): class_exists('App\\Models\\MyAu...')
#5 [internal function]: {closure}('App\\Models\\MyAu...')
#6 Command line code(1): array_filter(Array, Object(Closure))
#7 {main}
  thrown {"exception":"[object] (Symfony\\Component\\ErrorHandler\\Error\\FatalError(code: 0): Uncaught Error: Class 'Auth0\\Login\\Auth0User' not found in D:\\Projects\\foodtiger\\app\\Models\\MyAuth0User.php:8
Stack trace:
#0 D:\\Projects\\foodtiger\\vendor\\composer\\ClassLoader.php(444): include()
#1 D:\\Projects\\foodtiger\\vendor\\composer\\ClassLoader.php(322): Composer\\Autoload\\includeFile('D:\\\\Projects\\\\foo...')
#2 [internal function]: Composer\\Autoload\\ClassLoader->loadClass('App\\\\Models\\\\MyAu...')
#3 [internal function]: spl_autoload_call('App\\\\Models\\\\MyAu...')
#4 Command line code(1): class_exists('App\\\\Models\\\\MyAu...')
#5 [internal function]: {closure}('App\\\\Models\\\\MyAu...')
#6 Command line code(1): array_filter(Array, Object(Closure))
#7 {main}
  thrown at D:\\Projects\\foodtiger\\app\\Models\\MyAuth0User.php:8)
[stacktrace]
#0 {main}
"} 
[2022-02-02 13:10:26] local.ERROR: Uncaught Error: Class 'Auth0\Login\Auth0User' not found in D:\Projects\foodtiger\app\Models\MyAuth0User.php:8
Stack trace:
#0 D:\Projects\foodtiger\vendor\composer\ClassLoader.php(444): include()
#1 D:\Projects\foodtiger\vendor\composer\ClassLoader.php(322): Composer\Autoload\includeFile('D:\\Projects\\foo...')
#2 [internal function]: Composer\Autoload\ClassLoader->loadClass('App\\Models\\MyAu...')
#3 [internal function]: spl_autoload_call('App\\Models\\MyAu...')
#4 Command line code(1): class_exists('App\\Models\\MyAu...')
#5 [internal function]: {closure}('App\\Models\\MyAu...')
#6 Command line code(1): array_filter(Array, Object(Closure))
#7 {main}
  thrown {"exception":"[object] (Symfony\\Component\\ErrorHandler\\Error\\FatalError(code: 0): Uncaught Error: Class 'Auth0\\Login\\Auth0User' not found in D:\\Projects\\foodtiger\\app\\Models\\MyAuth0User.php:8
Stack trace:
#0 D:\\Projects\\foodtiger\\vendor\\composer\\ClassLoader.php(444): include()
#1 D:\\Projects\\foodtiger\\vendor\\composer\\ClassLoader.php(322): Composer\\Autoload\\includeFile('D:\\\\Projects\\\\foo...')
#2 [internal function]: Composer\\Autoload\\ClassLoader->loadClass('App\\\\Models\\\\MyAu...')
#3 [internal function]: spl_autoload_call('App\\\\Models\\\\MyAu...')
#4 Command line code(1): class_exists('App\\\\Models\\\\MyAu...')
#5 [internal function]: {closure}('App\\\\Models\\\\MyAu...')
#6 Command line code(1): array_filter(Array, Object(Closure))
#7 {main}
  thrown at D:\\Projects\\foodtiger\\app\\Models\\MyAuth0User.php:8)
[stacktrace]
#0 {main}
"} 
[2022-02-02 13:11:26] local.ERROR: Uncaught Error: Class 'Auth0\Login\Auth0User' not found in D:\Projects\foodtiger\app\Models\MyAuth0User.php:8
Stack trace:
#0 D:\Projects\foodtiger\vendor\composer\ClassLoader.php(444): include()
#1 D:\Projects\foodtiger\vendor\composer\ClassLoader.php(322): Composer\Autoload\includeFile('D:\\Projects\\foo...')
#2 [internal function]: Composer\Autoload\ClassLoader->loadClass('App\\Models\\MyAu...')
#3 [internal function]: spl_autoload_call('App\\Models\\MyAu...')
#4 Command line code(1): class_exists('App\\Models\\MyAu...')
#5 [internal function]: {closure}('App\\Models\\MyAu...')
#6 Command line code(1): array_filter(Array, Object(Closure))
#7 {main}
  thrown {"exception":"[object] (Symfony\\Component\\ErrorHandler\\Error\\FatalError(code: 0): Uncaught Error: Class 'Auth0\\Login\\Auth0User' not found in D:\\Projects\\foodtiger\\app\\Models\\MyAuth0User.php:8
Stack trace:
#0 D:\\Projects\\foodtiger\\vendor\\composer\\ClassLoader.php(444): include()
#1 D:\\Projects\\foodtiger\\vendor\\composer\\ClassLoader.php(322): Composer\\Autoload\\includeFile('D:\\\\Projects\\\\foo...')
#2 [internal function]: Composer\\Autoload\\ClassLoader->loadClass('App\\\\Models\\\\MyAu...')
#3 [internal function]: spl_autoload_call('App\\\\Models\\\\MyAu...')
#4 Command line code(1): class_exists('App\\\\Models\\\\MyAu...')
#5 [internal function]: {closure}('App\\\\Models\\\\MyAu...')
#6 Command line code(1): array_filter(Array, Object(Closure))
#7 {main}
  thrown at D:\\Projects\\foodtiger\\app\\Models\\MyAuth0User.php:8)
[stacktrace]
#0 {main}
"} 
[2022-02-02 13:12:26] local.ERROR: Uncaught Error: Class 'Auth0\Login\Auth0User' not found in D:\Projects\foodtiger\app\Models\MyAuth0User.php:8
Stack trace:
#0 D:\Projects\foodtiger\vendor\composer\ClassLoader.php(444): include()
#1 D:\Projects\foodtiger\vendor\composer\ClassLoader.php(322): Composer\Autoload\includeFile('D:\\Projects\\foo...')
#2 [internal function]: Composer\Autoload\ClassLoader->loadClass('App\\Models\\MyAu...')
#3 [internal function]: spl_autoload_call('App\\Models\\MyAu...')
#4 Command line code(1): class_exists('App\\Models\\MyAu...')
#5 [internal function]: {closure}('App\\Models\\MyAu...')
#6 Command line code(1): array_filter(Array, Object(Closure))
#7 {main}
  thrown {"exception":"[object] (Symfony\\Component\\ErrorHandler\\Error\\FatalError(code: 0): Uncaught Error: Class 'Auth0\\Login\\Auth0User' not found in D:\\Projects\\foodtiger\\app\\Models\\MyAuth0User.php:8
Stack trace:
#0 D:\\Projects\\foodtiger\\vendor\\composer\\ClassLoader.php(444): include()
#1 D:\\Projects\\foodtiger\\vendor\\composer\\ClassLoader.php(322): Composer\\Autoload\\includeFile('D:\\\\Projects\\\\foo...')
#2 [internal function]: Composer\\Autoload\\ClassLoader->loadClass('App\\\\Models\\\\MyAu...')
#3 [internal function]: spl_autoload_call('App\\\\Models\\\\MyAu...')
#4 Command line code(1): class_exists('App\\\\Models\\\\MyAu...')
#5 [internal function]: {closure}('App\\\\Models\\\\MyAu...')
#6 Command line code(1): array_filter(Array, Object(Closure))
#7 {main}
  thrown at D:\\Projects\\foodtiger\\app\\Models\\MyAuth0User.php:8)
[stacktrace]
#0 {main}
"} 
[2022-02-02 13:13:26] staging.ERROR: Uncaught Error: Class 'Auth0\Login\Auth0User' not found in D:\Projects\foodtiger\app\Models\MyAuth0User.php:8
Stack trace:
#0 D:\Projects\foodtiger\vendor\composer\ClassLoader.php(444): include()
#1 D:\Projects\foodtiger\vendor\composer\ClassLoader.php(322): Composer\Autoload\includeFile('D:\\Projects\\foo...')
#2 [internal function]: Composer\Autoload\ClassLoader->loadClass('App\\Models\\MyAu...')
#3 [internal function]: spl_autoload_call('App\\Models\\MyAu...')
#4 Command line code(1): class_exists('App\\Models\\MyAu...')
#5 [internal function]: {closure}('App\\Models\\MyAu...')
#6 Command line code(1): array_filter(Array, Object(Closure))
#7 {main}
  thrown {"exception":"[object] (Symfony\\Component\\ErrorHandler\\Error\\FatalError(code: 0): Uncaught Error: Class 'Auth0\\Login\\Auth0User' not found in D:\\Projects\\foodtiger\\app\\Models\\MyAuth0User.php:8
Stack trace:
#0 D:\\Projects\\foodtiger\\vendor\\composer\\ClassLoader.php(444): include()
#1 D:\\Projects\\foodtiger\\vendor\\composer\\ClassLoader.php(322): Composer\\Autoload\\includeFile('D:\\\\Projects\\\\foo...')
#2 [internal function]: Composer\\Autoload\\ClassLoader->loadClass('App\\\\Models\\\\MyAu...')
#3 [internal function]: spl_autoload_call('App\\\\Models\\\\MyAu...')
#4 Command line code(1): class_exists('App\\\\Models\\\\MyAu...')
#5 [internal function]: {closure}('App\\\\Models\\\\MyAu...')
#6 Command line code(1): array_filter(Array, Object(Closure))
#7 {main}
  thrown at D:\\Projects\\foodtiger\\app\\Models\\MyAuth0User.php:8)
[stacktrace]
#0 {main}
"} 
[2022-02-02 13:14:26] staging.ERROR: Uncaught Error: Class 'Auth0\Login\Auth0User' not found in D:\Projects\foodtiger\app\Models\MyAuth0User.php:8
Stack trace:
#0 D:\Projects\foodtiger\vendor\composer\ClassLoader.php(444): include()
#1 D:\Projects\foodtiger\vendor\composer\ClassLoader.php(322): Composer\Autoload\includeFile('D:\\Projects\\foo...')
#2 [internal function]: Composer\Autoload\ClassLoader->loadClass('App\\Models\\MyAu...')
#3 [internal function]: spl_autoload_call('App\\Models\\MyAu...')
#4 Command line code(1): class_exists('App\\Models\\MyAu...')
#5 [internal function]: {closure}('App\\Models\\MyAu...')
#6 Command line code(1): array_filter(Array, Object(Closure))
#7 {main}
  thrown {"exception":"[object] (Symfony\\Component\\ErrorHandler\\Error\\FatalError(code: 0): Uncaught Error: Class 'Auth0\\Login\\Auth0User' not found in D:\\Projects\\foodtiger\\app\\Models\\MyAuth0User.php:8
Stack trace:
#0 D:\\Projects\\foodtiger\\vendor\\composer\\ClassLoader.php(444): include()
#1 D:\\Projects\\foodtiger\\vendor\\composer\\ClassLoader.php(322): Composer\\Autoload\\includeFile('D:\\\\Projects\\\\foo...')
#2 [internal function]: Composer\\Autoload\\ClassLoader->loadClass('App\\\\Models\\\\MyAu...')
#3 [internal function]: spl_autoload_call('App\\\\Models\\\\MyAu...')
#4 Command line code(1): class_exists('App\\\\Models\\\\MyAu...')
#5 [internal function]: {closure}('App\\\\Models\\\\MyAu...')
#6 Command line code(1): array_filter(Array, Object(Closure))
#7 {main}
  thrown at D:\\Projects\\foodtiger\\app\\Models\\MyAuth0User.php:8)
[stacktrace]
#0 {main}
"} 
[2022-02-02 13:15:26] staging.ERROR: Uncaught Error: Class 'Auth0\Login\Auth0User' not found in D:\Projects\foodtiger\app\Models\MyAuth0User.php:8
Stack trace:
#0 D:\Projects\foodtiger\vendor\composer\ClassLoader.php(444): include()
#1 D:\Projects\foodtiger\vendor\composer\ClassLoader.php(322): Composer\Autoload\includeFile('D:\\Projects\\foo...')
#2 [internal function]: Composer\Autoload\ClassLoader->loadClass('App\\Models\\MyAu...')
#3 [internal function]: spl_autoload_call('App\\Models\\MyAu...')
#4 Command line code(1): class_exists('App\\Models\\MyAu...')
#5 [internal function]: {closure}('App\\Models\\MyAu...')
#6 Command line code(1): array_filter(Array, Object(Closure))
#7 {main}
  thrown {"exception":"[object] (Symfony\\Component\\ErrorHandler\\Error\\FatalError(code: 0): Uncaught Error: Class 'Auth0\\Login\\Auth0User' not found in D:\\Projects\\foodtiger\\app\\Models\\MyAuth0User.php:8
Stack trace:
#0 D:\\Projects\\foodtiger\\vendor\\composer\\ClassLoader.php(444): include()
#1 D:\\Projects\\foodtiger\\vendor\\composer\\ClassLoader.php(322): Composer\\Autoload\\includeFile('D:\\\\Projects\\\\foo...')
#2 [internal function]: Composer\\Autoload\\ClassLoader->loadClass('App\\\\Models\\\\MyAu...')
#3 [internal function]: spl_autoload_call('App\\\\Models\\\\MyAu...')
#4 Command line code(1): class_exists('App\\\\Models\\\\MyAu...')
#5 [internal function]: {closure}('App\\\\Models\\\\MyAu...')
#6 Command line code(1): array_filter(Array, Object(Closure))
#7 {main}
  thrown at D:\\Projects\\foodtiger\\app\\Models\\MyAuth0User.php:8)
[stacktrace]
#0 {main}
"} 
[2022-02-02 13:16:26] staging.ERROR: Uncaught Error: Class 'Auth0\Login\Auth0User' not found in D:\Projects\foodtiger\app\Models\MyAuth0User.php:8
Stack trace:
#0 D:\Projects\foodtiger\vendor\composer\ClassLoader.php(444): include()
#1 D:\Projects\foodtiger\vendor\composer\ClassLoader.php(322): Composer\Autoload\includeFile('D:\\Projects\\foo...')
#2 [internal function]: Composer\Autoload\ClassLoader->loadClass('App\\Models\\MyAu...')
#3 [internal function]: spl_autoload_call('App\\Models\\MyAu...')
#4 Command line code(1): class_exists('App\\Models\\MyAu...')
#5 [internal function]: {closure}('App\\Models\\MyAu...')
#6 Command line code(1): array_filter(Array, Object(Closure))
#7 {main}
  thrown {"exception":"[object] (Symfony\\Component\\ErrorHandler\\Error\\FatalError(code: 0): Uncaught Error: Class 'Auth0\\Login\\Auth0User' not found in D:\\Projects\\foodtiger\\app\\Models\\MyAuth0User.php:8
Stack trace:
#0 D:\\Projects\\foodtiger\\vendor\\composer\\ClassLoader.php(444): include()
#1 D:\\Projects\\foodtiger\\vendor\\composer\\ClassLoader.php(322): Composer\\Autoload\\includeFile('D:\\\\Projects\\\\foo...')
#2 [internal function]: Composer\\Autoload\\ClassLoader->loadClass('App\\\\Models\\\\MyAu...')
#3 [internal function]: spl_autoload_call('App\\\\Models\\\\MyAu...')
#4 Command line code(1): class_exists('App\\\\Models\\\\MyAu...')
#5 [internal function]: {closure}('App\\\\Models\\\\MyAu...')
#6 Command line code(1): array_filter(Array, Object(Closure))
#7 {main}
  thrown at D:\\Projects\\foodtiger\\app\\Models\\MyAuth0User.php:8)
[stacktrace]
#0 {main}
"} 
[2022-02-02 13:17:26] staging.ERROR: Uncaught Error: Class 'Auth0\Login\Auth0User' not found in D:\Projects\foodtiger\app\Models\MyAuth0User.php:8
Stack trace:
#0 D:\Projects\foodtiger\vendor\composer\ClassLoader.php(444): include()
#1 D:\Projects\foodtiger\vendor\composer\ClassLoader.php(322): Composer\Autoload\includeFile('D:\\Projects\\foo...')
#2 [internal function]: Composer\Autoload\ClassLoader->loadClass('App\\Models\\MyAu...')
#3 [internal function]: spl_autoload_call('App\\Models\\MyAu...')
#4 Command line code(1): class_exists('App\\Models\\MyAu...')
#5 [internal function]: {closure}('App\\Models\\MyAu...')
#6 Command line code(1): array_filter(Array, Object(Closure))
#7 {main}
  thrown {"exception":"[object] (Symfony\\Component\\ErrorHandler\\Error\\FatalError(code: 0): Uncaught Error: Class 'Auth0\\Login\\Auth0User' not found in D:\\Projects\\foodtiger\\app\\Models\\MyAuth0User.php:8
Stack trace:
#0 D:\\Projects\\foodtiger\\vendor\\composer\\ClassLoader.php(444): include()
#1 D:\\Projects\\foodtiger\\vendor\\composer\\ClassLoader.php(322): Composer\\Autoload\\includeFile('D:\\\\Projects\\\\foo...')
#2 [internal function]: Composer\\Autoload\\ClassLoader->loadClass('App\\\\Models\\\\MyAu...')
#3 [internal function]: spl_autoload_call('App\\\\Models\\\\MyAu...')
#4 Command line code(1): class_exists('App\\\\Models\\\\MyAu...')
#5 [internal function]: {closure}('App\\\\Models\\\\MyAu...')
#6 Command line code(1): array_filter(Array, Object(Closure))
#7 {main}
  thrown at D:\\Projects\\foodtiger\\app\\Models\\MyAuth0User.php:8)
[stacktrace]
#0 {main}
"} 
[2022-02-02 13:18:26] staging.ERROR: Uncaught Error: Class 'Auth0\Login\Auth0User' not found in D:\Projects\foodtiger\app\Models\MyAuth0User.php:8
Stack trace:
#0 D:\Projects\foodtiger\vendor\composer\ClassLoader.php(444): include()
#1 D:\Projects\foodtiger\vendor\composer\ClassLoader.php(322): Composer\Autoload\includeFile('D:\\Projects\\foo...')
#2 [internal function]: Composer\Autoload\ClassLoader->loadClass('App\\Models\\MyAu...')
#3 [internal function]: spl_autoload_call('App\\Models\\MyAu...')
#4 Command line code(1): class_exists('App\\Models\\MyAu...')
#5 [internal function]: {closure}('App\\Models\\MyAu...')
#6 Command line code(1): array_filter(Array, Object(Closure))
#7 {main}
  thrown {"exception":"[object] (Symfony\\Component\\ErrorHandler\\Error\\FatalError(code: 0): Uncaught Error: Class 'Auth0\\Login\\Auth0User' not found in D:\\Projects\\foodtiger\\app\\Models\\MyAuth0User.php:8
Stack trace:
#0 D:\\Projects\\foodtiger\\vendor\\composer\\ClassLoader.php(444): include()
#1 D:\\Projects\\foodtiger\\vendor\\composer\\ClassLoader.php(322): Composer\\Autoload\\includeFile('D:\\\\Projects\\\\foo...')
#2 [internal function]: Composer\\Autoload\\ClassLoader->loadClass('App\\\\Models\\\\MyAu...')
#3 [internal function]: spl_autoload_call('App\\\\Models\\\\MyAu...')
#4 Command line code(1): class_exists('App\\\\Models\\\\MyAu...')
#5 [internal function]: {closure}('App\\\\Models\\\\MyAu...')
#6 Command line code(1): array_filter(Array, Object(Closure))
#7 {main}
  thrown at D:\\Projects\\foodtiger\\app\\Models\\MyAuth0User.php:8)
[stacktrace]
#0 {main}
"} 
[2022-02-02 13:19:26] staging.ERROR: Uncaught Error: Class 'Auth0\Login\Auth0User' not found in D:\Projects\foodtiger\app\Models\MyAuth0User.php:8
Stack trace:
#0 D:\Projects\foodtiger\vendor\composer\ClassLoader.php(444): include()
#1 D:\Projects\foodtiger\vendor\composer\ClassLoader.php(322): Composer\Autoload\includeFile('D:\\Projects\\foo...')
#2 [internal function]: Composer\Autoload\ClassLoader->loadClass('App\\Models\\MyAu...')
#3 [internal function]: spl_autoload_call('App\\Models\\MyAu...')
#4 Command line code(1): class_exists('App\\Models\\MyAu...')
#5 [internal function]: {closure}('App\\Models\\MyAu...')
#6 Command line code(1): array_filter(Array, Object(Closure))
#7 {main}
  thrown {"exception":"[object] (Symfony\\Component\\ErrorHandler\\Error\\FatalError(code: 0): Uncaught Error: Class 'Auth0\\Login\\Auth0User' not found in D:\\Projects\\foodtiger\\app\\Models\\MyAuth0User.php:8
Stack trace:
#0 D:\\Projects\\foodtiger\\vendor\\composer\\ClassLoader.php(444): include()
#1 D:\\Projects\\foodtiger\\vendor\\composer\\ClassLoader.php(322): Composer\\Autoload\\includeFile('D:\\\\Projects\\\\foo...')
#2 [internal function]: Composer\\Autoload\\ClassLoader->loadClass('App\\\\Models\\\\MyAu...')
#3 [internal function]: spl_autoload_call('App\\\\Models\\\\MyAu...')
#4 Command line code(1): class_exists('App\\\\Models\\\\MyAu...')
#5 [internal function]: {closure}('App\\\\Models\\\\MyAu...')
#6 Command line code(1): array_filter(Array, Object(Closure))
#7 {main}
  thrown at D:\\Projects\\foodtiger\\app\\Models\\MyAuth0User.php:8)
[stacktrace]
#0 {main}
"} 
